<?xml version="1.0" encoding="UTF-8"?>
<!-- Generated by org.testng.reporters.JUnitReportReporter -->
<testsuite hostname="DESKTOP-F8IID4M" failures="0" tests="7" name="ShopifyAutomation" time="114.961" errors="0" timestamp="2022-05-04T20:08:44 BDT" skipped="0">
  <testcase classname="ShopifyAutomation" name="launchbrowser" time="27.165"/>
  <system-out/>
  <testcase classname="ShopifyAutomation" name="demostore" time="36.160"/>
  <system-out/>
  <testcase classname="ShopifyAutomation" name="sell" time="11.046"/>
  <system-out/>
  <testcase classname="ShopifyAutomation" name="market" time="13.940"/>
  <system-out/>
  <testcase classname="ShopifyAutomation" name="manage" time="8.921"/>
  <system-out/>
  <testcase classname="ShopifyAutomation" name="pricing" time="8.518"/>
  <system-out/>
  <testcase classname="ShopifyAutomation" name="footer" time="9.211"/>
  <system-out/>
</testsuite> <!-- ShopifyAutomation -->
